<?xml version="1.0" encoding="UTF-8"?>
<testsuite xmlns:xsi="http://www.w3.org/2001/XMLSchema-instance" xsi:noNamespaceSchemaLocation="https://maven.apache.org/surefire/maven-surefire-plugin/xsd/surefire-test-report-3.0.xsd" version="3.0" name="org.acme.LogOutputTest" time="4.678" tests="1" errors="0" skipped="0" failures="0">
  <properties>
    <property name="java.specification.version" value="17"/>
    <property name="sun.jnu.encoding" value="UTF-8"/>
    <property name="test.url" value="http://localhost:8081"/>
    <property name="java.class.path" value="/home/jhawkins/Documents/Boeing/quarkus-app-log/target/test-classes:/home/jhawkins/Documents/Boeing/quarkus-app-log/target/classes:/home/jhawkins/.m2/repository/io/quarkus/quarkus-resteasy-reactive/2.15.3.Final/quarkus-resteasy-reactive-2.15.3.Final.jar:/home/jhawkins/.m2/repository/io/quarkus/quarkus-resteasy-reactive-common/2.15.3.Final/quarkus-resteasy-reactive-common-2.15.3.Final.jar:/home/jhawkins/.m2/repository/io/quarkus/resteasy/reactive/resteasy-reactive-common/2.15.3.Final/resteasy-reactive-common-2.15.3.Final.jar:/home/jhawkins/.m2/repository/io/quarkus/resteasy/reactive/resteasy-reactive-common-types/2.15.3.Final/resteasy-reactive-common-types-2.15.3.Final.jar:/home/jhawkins/.m2/repository/io/smallrye/common/smallrye-common-annotation/1.13.2/smallrye-common-annotation-1.13.2.jar:/home/jhawkins/.m2/repository/io/quarkus/quarkus-mutiny/2.15.3.Final/quarkus-mutiny-2.15.3.Final.jar:/home/jhawkins/.m2/repository/io/quarkus/quarkus-smallrye-context-propagation/2.15.3.Final/quarkus-smallrye-context-propagation-2.15.3.Final.jar:/home/jhawkins/.m2/repository/io/smallrye/smallrye-context-propagation/1.2.2/smallrye-context-propagation-1.2.2.jar:/home/jhawkins/.m2/repository/io/smallrye/smallrye-context-propagation-api/1.2.2/smallrye-context-propagation-api-1.2.2.jar:/home/jhawkins/.m2/repository/io/smallrye/smallrye-context-propagation-storage/1.2.2/smallrye-context-propagation-storage-1.2.2.jar:/home/jhawkins/.m2/repository/io/smallrye/reactive/mutiny-smallrye-context-propagation/1.8.0/mutiny-smallrye-context-propagation-1.8.0.jar:/home/jhawkins/.m2/repository/io/quarkus/quarkus-vertx/2.15.3.Final/quarkus-vertx-2.15.3.Final.jar:/home/jhawkins/.m2/repository/io/quarkus/quarkus-netty/2.15.3.Final/quarkus-netty-2.15.3.Final.jar:/home/jhawkins/.m2/repository/io/netty/netty-codec/4.1.86.Final/netty-codec-4.1.86.Final.jar:/home/jhawkins/.m2/repository/io/netty/netty-codec-http/4.1.86.Final/netty-codec-http-4.1.86.Final.jar:/home/jhawkins/.m2/repository/io/netty/netty-codec-http2/4.1.86.Final/netty-codec-http2-4.1.86.Final.jar:/home/jhawkins/.m2/repository/io/netty/netty-handler/4.1.86.Final/netty-handler-4.1.86.Final.jar:/home/jhawkins/.m2/repository/io/netty/netty-transport-native-unix-common/4.1.86.Final/netty-transport-native-unix-common-4.1.86.Final.jar:/home/jhawkins/.m2/repository/com/aayushatharva/brotli4j/brotli4j/1.8.0/brotli4j-1.8.0.jar:/home/jhawkins/.m2/repository/com/aayushatharva/brotli4j/native-linux-x86_64/1.8.0/native-linux-x86_64-1.8.0.jar:/home/jhawkins/.m2/repository/io/netty/netty-codec-haproxy/4.1.86.Final/netty-codec-haproxy-4.1.86.Final.jar:/home/jhawkins/.m2/repository/io/netty/netty-buffer/4.1.86.Final/netty-buffer-4.1.86.Final.jar:/home/jhawkins/.m2/repository/io/netty/netty-transport/4.1.86.Final/netty-transport-4.1.86.Final.jar:/home/jhawkins/.m2/repository/io/quarkus/quarkus-vertx-latebound-mdc-provider/2.15.3.Final/quarkus-vertx-latebound-mdc-provider-2.15.3.Final.jar:/home/jhawkins/.m2/repository/io/smallrye/smallrye-fault-tolerance-vertx/5.6.0/smallrye-fault-tolerance-vertx-5.6.0.jar:/home/jhawkins/.m2/repository/io/quarkus/resteasy/reactive/resteasy-reactive-vertx/2.15.3.Final/resteasy-reactive-vertx-2.15.3.Final.jar:/home/jhawkins/.m2/repository/io/vertx/vertx-web/4.3.6/vertx-web-4.3.6.jar:/home/jhawkins/.m2/repository/io/vertx/vertx-web-common/4.3.6/vertx-web-common-4.3.6.jar:/home/jhawkins/.m2/repository/io/vertx/vertx-auth-common/4.3.6/vertx-auth-common-4.3.6.jar:/home/jhawkins/.m2/repository/io/vertx/vertx-bridge-common/4.3.6/vertx-bridge-common-4.3.6.jar:/home/jhawkins/.m2/repository/io/vertx/vertx-core/4.3.6/vertx-core-4.3.6.jar:/home/jhawkins/.m2/repository/io/netty/netty-common/4.1.86.Final/netty-common-4.1.86.Final.jar:/home/jhawkins/.m2/repository/io/netty/netty-handler-proxy/4.1.86.Final/netty-handler-proxy-4.1.86.Final.jar:/home/jhawkins/.m2/repository/io/netty/netty-codec-socks/4.1.86.Final/netty-codec-socks-4.1.86.Final.jar:/home/jhawkins/.m2/repository/io/netty/netty-resolver/4.1.86.Final/netty-resolver-4.1.86.Final.jar:/home/jhawkins/.m2/repository/io/netty/netty-resolver-dns/4.1.86.Final/netty-resolver-dns-4.1.86.Final.jar:/home/jhawkins/.m2/repository/io/netty/netty-codec-dns/4.1.86.Final/netty-codec-dns-4.1.86.Final.jar:/home/jhawkins/.m2/repository/com/fasterxml/jackson/core/jackson-core/2.14.1/jackson-core-2.14.1.jar:/home/jhawkins/.m2/repository/io/smallrye/reactive/smallrye-mutiny-vertx-core/2.29.0/smallrye-mutiny-vertx-core-2.29.0.jar:/home/jhawkins/.m2/repository/io/smallrye/reactive/smallrye-mutiny-vertx-runtime/2.29.0/smallrye-mutiny-vertx-runtime-2.29.0.jar:/home/jhawkins/.m2/repository/io/smallrye/reactive/vertx-mutiny-generator/2.29.0/vertx-mutiny-generator-2.29.0.jar:/home/jhawkins/.m2/repository/io/vertx/vertx-codegen/4.3.6/vertx-codegen-4.3.6.jar:/home/jhawkins/.m2/repository/io/quarkus/resteasy/reactive/resteasy-reactive/2.15.3.Final/resteasy-reactive-2.15.3.Final.jar:/home/jhawkins/.m2/repository/jakarta/enterprise/jakarta.enterprise.cdi-api/2.0.2/jakarta.enterprise.cdi-api-2.0.2.jar:/home/jhawkins/.m2/repository/jakarta/el/jakarta.el-api/3.0.3/jakarta.el-api-3.0.3.jar:/home/jhawkins/.m2/repository/jakarta/interceptor/jakarta.interceptor-api/1.2.5/jakarta.interceptor-api-1.2.5.jar:/home/jhawkins/.m2/repository/org/jboss/spec/javax/ws/rs/jboss-jaxrs-api_2.1_spec/2.0.1.Final/jboss-jaxrs-api_2.1_spec-2.0.1.Final.jar:/home/jhawkins/.m2/repository/jakarta/annotation/jakarta.annotation-api/1.3.5/jakarta.annotation-api-1.3.5.jar:/home/jhawkins/.m2/repository/org/jboss/logging/commons-logging-jboss-logging/1.0.0.Final/commons-logging-jboss-logging-1.0.0.Final.jar:/home/jhawkins/.m2/repository/org/jboss/spec/javax/xml/bind/jboss-jaxb-api_2.3_spec/2.0.0.Final/jboss-jaxb-api_2.3_spec-2.0.0.Final.jar:/home/jhawkins/.m2/repository/org/jboss/logging/jboss-logging/3.5.0.Final/jboss-logging-3.5.0.Final.jar:/home/jhawkins/.m2/repository/io/quarkus/quarkus-vertx-http/2.15.3.Final/quarkus-vertx-http-2.15.3.Final.jar:/home/jhawkins/.m2/repository/io/quarkus/quarkus-security-runtime-spi/2.15.3.Final/quarkus-security-runtime-spi-2.15.3.Final.jar:/home/jhawkins/.m2/repository/io/quarkus/quarkus-credentials/2.15.3.Final/quarkus-credentials-2.15.3.Final.jar:/home/jhawkins/.m2/repository/io/smallrye/common/smallrye-common-vertx-context/1.13.2/smallrye-common-vertx-context-1.13.2.jar:/home/jhawkins/.m2/repository/io/smallrye/common/smallrye-common-constraint/1.13.2/smallrye-common-constraint-1.13.2.jar:/home/jhawkins/.m2/repository/io/quarkus/quarkus-vertx-http-dev-console-runtime-spi/2.15.3.Final/quarkus-vertx-http-dev-console-runtime-spi-2.15.3.Final.jar:/home/jhawkins/.m2/repository/io/quarkus/security/quarkus-security/1.1.4.Final/quarkus-security-1.1.4.Final.jar:/home/jhawkins/.m2/repository/io/smallrye/reactive/smallrye-mutiny-vertx-web/2.29.0/smallrye-mutiny-vertx-web-2.29.0.jar:/home/jhawkins/.m2/repository/io/smallrye/reactive/smallrye-mutiny-vertx-web-common/2.29.0/smallrye-mutiny-vertx-web-common-2.29.0.jar:/home/jhawkins/.m2/repository/io/smallrye/reactive/smallrye-mutiny-vertx-auth-common/2.29.0/smallrye-mutiny-vertx-auth-common-2.29.0.jar:/home/jhawkins/.m2/repository/io/smallrye/reactive/smallrye-mutiny-vertx-bridge-common/2.29.0/smallrye-mutiny-vertx-bridge-common-2.29.0.jar:/home/jhawkins/.m2/repository/io/smallrye/reactive/smallrye-mutiny-vertx-uri-template/2.29.0/smallrye-mutiny-vertx-uri-template-2.29.0.jar:/home/jhawkins/.m2/repository/io/vertx/vertx-uri-template/4.3.6/vertx-uri-template-4.3.6.jar:/home/jhawkins/.m2/repository/io/github/crac/org-crac/0.1.3/org-crac-0.1.3.jar:/home/jhawkins/.m2/repository/io/quarkus/quarkus-jsonp/2.15.3.Final/quarkus-jsonp-2.15.3.Final.jar:/home/jhawkins/.m2/repository/org/glassfish/jakarta.json/1.1.6/jakarta.json-1.1.6.jar:/home/jhawkins/.m2/repository/io/quarkus/quarkus-openshift/2.15.3.Final/quarkus-openshift-2.15.3.Final.jar:/home/jhawkins/.m2/repository/io/quarkus/quarkus-kubernetes-client-internal/2.15.3.Final/quarkus-kubernetes-client-internal-2.15.3.Final.jar:/home/jhawkins/.m2/repository/io/quarkus/quarkus-container-image-openshift/2.15.3.Final/quarkus-container-image-openshift-2.15.3.Final.jar:/home/jhawkins/.m2/repository/io/quarkus/quarkus-container-image/2.15.3.Final/quarkus-container-image-2.15.3.Final.jar:/home/jhawkins/.m2/repository/io/quarkus/quarkus-kubernetes/2.15.3.Final/quarkus-kubernetes-2.15.3.Final.jar:/home/jhawkins/.m2/repository/io/quarkus/quarkus-arc/2.15.3.Final/quarkus-arc-2.15.3.Final.jar:/home/jhawkins/.m2/repository/io/quarkus/arc/arc/2.15.3.Final/arc-2.15.3.Final.jar:/home/jhawkins/.m2/repository/jakarta/transaction/jakarta.transaction-api/1.3.3/jakarta.transaction-api-1.3.3.jar:/home/jhawkins/.m2/repository/io/smallrye/reactive/mutiny/1.8.0/mutiny-1.8.0.jar:/home/jhawkins/.m2/repository/org/reactivestreams/reactive-streams/1.0.3/reactive-streams-1.0.3.jar:/home/jhawkins/.m2/repository/io/quarkus/quarkus-core/2.15.3.Final/quarkus-core-2.15.3.Final.jar:/home/jhawkins/.m2/repository/jakarta/inject/jakarta.inject-api/1.0/jakarta.inject-api-1.0.jar:/home/jhawkins/.m2/repository/io/quarkus/quarkus-ide-launcher/2.15.3.Final/quarkus-ide-launcher-2.15.3.Final.jar:/home/jhawkins/.m2/repository/io/quarkus/quarkus-development-mode-spi/2.15.3.Final/quarkus-development-mode-spi-2.15.3.Final.jar:/home/jhawkins/.m2/repository/io/smallrye/config/smallrye-config/2.13.1/smallrye-config-2.13.1.jar:/home/jhawkins/.m2/repository/io/smallrye/config/smallrye-config-core/2.13.1/smallrye-config-core-2.13.1.jar:/home/jhawkins/.m2/repository/org/eclipse/microprofile/config/microprofile-config-api/2.0.1/microprofile-config-api-2.0.1.jar:/home/jhawkins/.m2/repository/io/smallrye/common/smallrye-common-expression/1.13.2/smallrye-common-expression-1.13.2.jar:/home/jhawkins/.m2/repository/io/smallrye/common/smallrye-common-function/1.13.2/smallrye-common-function-1.13.2.jar:/home/jhawkins/.m2/repository/io/smallrye/common/smallrye-common-classloader/1.13.2/smallrye-common-classloader-1.13.2.jar:/home/jhawkins/.m2/repository/io/smallrye/config/smallrye-config-common/2.13.1/smallrye-config-common-2.13.1.jar:/home/jhawkins/.m2/repository/org/jboss/logmanager/jboss-logmanager-embedded/1.0.11/jboss-logmanager-embedded-1.0.11.jar:/home/jhawkins/.m2/repository/org/jboss/logging/jboss-logging-annotations/2.2.1.Final/jboss-logging-annotations-2.2.1.Final.jar:/home/jhawkins/.m2/repository/org/jboss/threads/jboss-threads/3.4.3.Final/jboss-threads-3.4.3.Final.jar:/home/jhawkins/.m2/repository/org/slf4j/slf4j-api/1.7.36/slf4j-api-1.7.36.jar:/home/jhawkins/.m2/repository/org/jboss/slf4j/slf4j-jboss-logmanager/1.2.0.Final/slf4j-jboss-logmanager-1.2.0.Final.jar:/home/jhawkins/.m2/repository/org/graalvm/sdk/graal-sdk/22.3.0/graal-sdk-22.3.0.jar:/home/jhawkins/.m2/repository/org/wildfly/common/wildfly-common/1.5.4.Final-format-001/wildfly-common-1.5.4.Final-format-001.jar:/home/jhawkins/.m2/repository/io/quarkus/quarkus-bootstrap-runner/2.15.3.Final/quarkus-bootstrap-runner-2.15.3.Final.jar:/home/jhawkins/.m2/repository/io/quarkus/quarkus-fs-util/0.0.9/quarkus-fs-util-0.0.9.jar:/home/jhawkins/.m2/repository/org/eclipse/microprofile/context-propagation/microprofile-context-propagation-api/1.2/microprofile-context-propagation-api-1.2.jar:/home/jhawkins/.m2/repository/io/quarkus/quarkus-junit5/2.15.3.Final/quarkus-junit5-2.15.3.Final.jar:/home/jhawkins/.m2/repository/io/quarkus/quarkus-bootstrap-core/2.15.3.Final/quarkus-bootstrap-core-2.15.3.Final.jar:/home/jhawkins/.m2/repository/io/quarkus/quarkus-bootstrap-app-model/2.15.3.Final/quarkus-bootstrap-app-model-2.15.3.Final.jar:/home/jhawkins/.m2/repository/io/smallrye/common/smallrye-common-io/1.13.2/smallrye-common-io-1.13.2.jar:/home/jhawkins/.m2/repository/org/eclipse/sisu/org.eclipse.sisu.inject/0.3.5/org.eclipse.sisu.inject-0.3.5.jar:/home/jhawkins/.m2/repository/io/quarkus/quarkus-test-common/2.15.3.Final/quarkus-test-common-2.15.3.Final.jar:/home/jhawkins/.m2/repository/io/quarkus/quarkus-core-deployment/2.15.3.Final/quarkus-core-deployment-2.15.3.Final.jar:/home/jhawkins/.m2/repository/org/aesh/readline/2.2/readline-2.2.jar:/home/jhawkins/.m2/repository/org/fusesource/jansi/jansi/1.18/jansi-1.18.jar:/home/jhawkins/.m2/repository/org/aesh/aesh/2.6/aesh-2.6.jar:/home/jhawkins/.m2/repository/io/quarkus/gizmo/gizmo/1.4.0.Final/gizmo-1.4.0.Final.jar:/home/jhawkins/.m2/repository/org/ow2/asm/asm-util/9.4/asm-util-9.4.jar:/home/jhawkins/.m2/repository/org/ow2/asm/asm-analysis/9.4/asm-analysis-9.4.jar:/home/jhawkins/.m2/repository/org/ow2/asm/asm/9.4/asm-9.4.jar:/home/jhawkins/.m2/repository/org/ow2/asm/asm-commons/9.4/asm-commons-9.4.jar:/home/jhawkins/.m2/repository/org/ow2/asm/asm-tree/9.4/asm-tree-9.4.jar:/home/jhawkins/.m2/repository/io/quarkus/quarkus-class-change-agent/2.15.3.Final/quarkus-class-change-agent-2.15.3.Final.jar:/home/jhawkins/.m2/repository/io/quarkus/quarkus-devtools-utilities/2.15.3.Final/quarkus-devtools-utilities-2.15.3.Final.jar:/home/jhawkins/.m2/repository/io/quarkus/quarkus-builder/2.15.3.Final/quarkus-builder-2.15.3.Final.jar:/home/jhawkins/.m2/repository/org/junit/platform/junit-platform-launcher/1.9.1/junit-platform-launcher-1.9.1.jar:/home/jhawkins/.m2/repository/io/quarkus/quarkus-bootstrap-maven-resolver/2.15.3.Final/quarkus-bootstrap-maven-resolver-2.15.3.Final.jar:/home/jhawkins/.m2/repository/org/apache/maven/maven-embedder/3.8.6/maven-embedder-3.8.6.jar:/home/jhawkins/.m2/repository/org/apache/maven/maven-settings/3.8.6/maven-settings-3.8.6.jar:/home/jhawkins/.m2/repository/org/apache/maven/maven-core/3.8.6/maven-core-3.8.6.jar:/home/jhawkins/.m2/repository/org/apache/maven/maven-artifact/3.8.6/maven-artifact-3.8.6.jar:/home/jhawkins/.m2/repository/org/codehaus/plexus/plexus-component-annotations/2.1.0/plexus-component-annotations-2.1.0.jar:/home/jhawkins/.m2/repository/org/apache/maven/maven-plugin-api/3.8.6/maven-plugin-api-3.8.6.jar:/home/jhawkins/.m2/repository/org/apache/maven/maven-model/3.8.6/maven-model-3.8.6.jar:/home/jhawkins/.m2/repository/org/apache/maven/maven-model-builder/3.8.6/maven-model-builder-3.8.6.jar:/home/jhawkins/.m2/repository/org/apache/maven/maven-builder-support/3.8.6/maven-builder-support-3.8.6.jar:/home/jhawkins/.m2/repository/org/apache/maven/resolver/maven-resolver-api/1.6.3/maven-resolver-api-1.6.3.jar:/home/jhawkins/.m2/repository/org/apache/maven/resolver/maven-resolver-util/1.6.3/maven-resolver-util-1.6.3.jar:/home/jhawkins/.m2/repository/org/apache/maven/shared/maven-shared-utils/3.3.4/maven-shared-utils-3.3.4.jar:/home/jhawkins/.m2/repository/commons-io/commons-io/2.11.0/commons-io-2.11.0.jar:/home/jhawkins/.m2/repository/com/google/inject/guice/4.2.2/guice-4.2.2-no_aop.jar:/home/jhawkins/.m2/repository/com/google/guava/guava/31.1-jre/guava-31.1-jre.jar:/home/jhawkins/.m2/repository/com/google/guava/failureaccess/1.0.1/failureaccess-1.0.1.jar:/home/jhawkins/.m2/repository/org/codehaus/plexus/plexus-classworlds/2.6.0/plexus-classworlds-2.6.0.jar:/home/jhawkins/.m2/repository/org/codehaus/plexus/plexus-sec-dispatcher/2.0/plexus-sec-dispatcher-2.0.jar:/home/jhawkins/.m2/repository/org/codehaus/plexus/plexus-cipher/2.0/plexus-cipher-2.0.jar:/home/jhawkins/.m2/repository/commons-cli/commons-cli/1.4/commons-cli-1.4.jar:/home/jhawkins/.m2/repository/org/eclipse/sisu/org.eclipse.sisu.plexus/0.3.5/org.eclipse.sisu.plexus-0.3.5.jar:/home/jhawkins/.m2/repository/org/apache/maven/maven-settings-builder/3.8.6/maven-settings-builder-3.8.6.jar:/home/jhawkins/.m2/repository/org/codehaus/plexus/plexus-interpolation/1.26/plexus-interpolation-1.26.jar:/home/jhawkins/.m2/repository/org/apache/maven/maven-resolver-provider/3.8.6/maven-resolver-provider-3.8.6.jar:/home/jhawkins/.m2/repository/org/apache/maven/maven-repository-metadata/3.8.6/maven-repository-metadata-3.8.6.jar:/home/jhawkins/.m2/repository/org/apache/maven/resolver/maven-resolver-spi/1.6.3/maven-resolver-spi-1.6.3.jar:/home/jhawkins/.m2/repository/org/apache/maven/resolver/maven-resolver-impl/1.6.3/maven-resolver-impl-1.6.3.jar:/home/jhawkins/.m2/repository/org/codehaus/plexus/plexus-utils/3.3.0/plexus-utils-3.3.0.jar:/home/jhawkins/.m2/repository/org/apache/maven/resolver/maven-resolver-connector-basic/1.6.3/maven-resolver-connector-basic-1.6.3.jar:/home/jhawkins/.m2/repository/org/apache/maven/resolver/maven-resolver-transport-wagon/1.6.3/maven-resolver-transport-wagon-1.6.3.jar:/home/jhawkins/.m2/repository/org/apache/maven/wagon/wagon-http/3.5.1/wagon-http-3.5.1.jar:/home/jhawkins/.m2/repository/org/apache/maven/wagon/wagon-http-shared/3.5.1/wagon-http-shared-3.5.1.jar:/home/jhawkins/.m2/repository/org/apache/maven/wagon/wagon-provider-api/3.5.1/wagon-provider-api-3.5.1.jar:/home/jhawkins/.m2/repository/org/apache/maven/wagon/wagon-file/3.5.1/wagon-file-3.5.1.jar:/home/jhawkins/.m2/repository/io/quarkus/quarkus-bootstrap-gradle-resolver/2.15.3.Final/quarkus-bootstrap-gradle-resolver-2.15.3.Final.jar:/home/jhawkins/.m2/repository/io/smallrye/jandex/3.0.5/jandex-3.0.5.jar:/home/jhawkins/.m2/repository/io/quarkus/quarkus-junit5-properties/2.15.3.Final/quarkus-junit5-properties-2.15.3.Final.jar:/home/jhawkins/.m2/repository/org/junit/jupiter/junit-jupiter/5.9.1/junit-jupiter-5.9.1.jar:/home/jhawkins/.m2/repository/org/junit/jupiter/junit-jupiter-api/5.9.1/junit-jupiter-api-5.9.1.jar:/home/jhawkins/.m2/repository/org/opentest4j/opentest4j/1.2.0/opentest4j-1.2.0.jar:/home/jhawkins/.m2/repository/org/junit/platform/junit-platform-commons/1.9.1/junit-platform-commons-1.9.1.jar:/home/jhawkins/.m2/repository/org/apiguardian/apiguardian-api/1.1.2/apiguardian-api-1.1.2.jar:/home/jhawkins/.m2/repository/org/junit/jupiter/junit-jupiter-params/5.9.1/junit-jupiter-params-5.9.1.jar:/home/jhawkins/.m2/repository/org/junit/jupiter/junit-jupiter-engine/5.9.1/junit-jupiter-engine-5.9.1.jar:/home/jhawkins/.m2/repository/org/junit/platform/junit-platform-engine/1.9.1/junit-platform-engine-1.9.1.jar:/home/jhawkins/.m2/repository/com/thoughtworks/xstream/xstream/1.4.20/xstream-1.4.20.jar:/home/jhawkins/.m2/repository/io/github/x-stream/mxparser/1.2.2/mxparser-1.2.2.jar:/home/jhawkins/.m2/repository/xmlpull/xmlpull/1.1.3.1/xmlpull-1.1.3.1.jar:/home/jhawkins/.m2/repository/io/rest-assured/rest-assured/4.5.1/rest-assured-4.5.1.jar:/home/jhawkins/.m2/repository/org/codehaus/groovy/groovy/3.0.9/groovy-3.0.9.jar:/home/jhawkins/.m2/repository/org/codehaus/groovy/groovy-xml/3.0.9/groovy-xml-3.0.9.jar:/home/jhawkins/.m2/repository/org/apache/httpcomponents/httpclient/4.5.13/httpclient-4.5.13.jar:/home/jhawkins/.m2/repository/org/apache/httpcomponents/httpcore/4.4.15/httpcore-4.4.15.jar:/home/jhawkins/.m2/repository/commons-codec/commons-codec/1.15/commons-codec-1.15.jar:/home/jhawkins/.m2/repository/org/apache/httpcomponents/httpmime/4.5.13/httpmime-4.5.13.jar:/home/jhawkins/.m2/repository/org/hamcrest/hamcrest/2.1/hamcrest-2.1.jar:/home/jhawkins/.m2/repository/org/ccil/cowan/tagsoup/tagsoup/1.2.1/tagsoup-1.2.1.jar:/home/jhawkins/.m2/repository/io/rest-assured/json-path/4.5.1/json-path-4.5.1.jar:/home/jhawkins/.m2/repository/org/codehaus/groovy/groovy-json/3.0.9/groovy-json-3.0.9.jar:/home/jhawkins/.m2/repository/io/rest-assured/rest-assured-common/4.5.1/rest-assured-common-4.5.1.jar:/home/jhawkins/.m2/repository/io/rest-assured/xml-path/4.5.1/xml-path-4.5.1.jar:/home/jhawkins/.m2/repository/org/apache/commons/commons-lang3/3.12.0/commons-lang3-3.12.0.jar:"/>
    <property name="java.vm.vendor" value="Red Hat, Inc."/>
    <property name="sun.arch.data.model" value="64"/>
    <property name="quarkusRegistryClient" value="true"/>
    <property name="java.vendor.url" value="https://www.redhat.com/"/>
    <property name="user.timezone" value="Europe/London"/>
    <property name="logging.initial-configurator.min-level" value="500"/>
    <property name="os.name" value="Linux"/>
    <property name="java.vm.specification.version" value="17"/>
    <property name="sun.java.launcher" value="SUN_STANDARD"/>
    <property name="user.country" value="GB"/>
    <property name="sun.boot.library.path" value="/usr/lib/jvm/java-17-openjdk-17.0.4.1.1-1.fc36.x86_64/lib"/>
    <property name="sun.java.command" value="/home/jhawkins/Documents/Boeing/quarkus-app-log/target/surefire/surefirebooter-20230215171622738_3.jar /home/jhawkins/Documents/Boeing/quarkus-app-log/target/surefire 2023-02-15T17-16-22_466-jvmRun1 surefire-20230215171622738_1tmp surefire_0-20230215171622738_2tmp"/>
    <property name="jdk.debug" value="release"/>
    <property name="maven.home" value="/home/jhawkins/.m2/wrapper/dists/apache-maven-3.8.6-bin/67568434/apache-maven-3.8.6"/>
    <property name="surefire.test.class.path" value="/home/jhawkins/Documents/Boeing/quarkus-app-log/target/test-classes:/home/jhawkins/Documents/Boeing/quarkus-app-log/target/classes:/home/jhawkins/.m2/repository/io/quarkus/quarkus-resteasy-reactive/2.15.3.Final/quarkus-resteasy-reactive-2.15.3.Final.jar:/home/jhawkins/.m2/repository/io/quarkus/quarkus-resteasy-reactive-common/2.15.3.Final/quarkus-resteasy-reactive-common-2.15.3.Final.jar:/home/jhawkins/.m2/repository/io/quarkus/resteasy/reactive/resteasy-reactive-common/2.15.3.Final/resteasy-reactive-common-2.15.3.Final.jar:/home/jhawkins/.m2/repository/io/quarkus/resteasy/reactive/resteasy-reactive-common-types/2.15.3.Final/resteasy-reactive-common-types-2.15.3.Final.jar:/home/jhawkins/.m2/repository/io/smallrye/common/smallrye-common-annotation/1.13.2/smallrye-common-annotation-1.13.2.jar:/home/jhawkins/.m2/repository/io/quarkus/quarkus-mutiny/2.15.3.Final/quarkus-mutiny-2.15.3.Final.jar:/home/jhawkins/.m2/repository/io/quarkus/quarkus-smallrye-context-propagation/2.15.3.Final/quarkus-smallrye-context-propagation-2.15.3.Final.jar:/home/jhawkins/.m2/repository/io/smallrye/smallrye-context-propagation/1.2.2/smallrye-context-propagation-1.2.2.jar:/home/jhawkins/.m2/repository/io/smallrye/smallrye-context-propagation-api/1.2.2/smallrye-context-propagation-api-1.2.2.jar:/home/jhawkins/.m2/repository/io/smallrye/smallrye-context-propagation-storage/1.2.2/smallrye-context-propagation-storage-1.2.2.jar:/home/jhawkins/.m2/repository/io/smallrye/reactive/mutiny-smallrye-context-propagation/1.8.0/mutiny-smallrye-context-propagation-1.8.0.jar:/home/jhawkins/.m2/repository/io/quarkus/quarkus-vertx/2.15.3.Final/quarkus-vertx-2.15.3.Final.jar:/home/jhawkins/.m2/repository/io/quarkus/quarkus-netty/2.15.3.Final/quarkus-netty-2.15.3.Final.jar:/home/jhawkins/.m2/repository/io/netty/netty-codec/4.1.86.Final/netty-codec-4.1.86.Final.jar:/home/jhawkins/.m2/repository/io/netty/netty-codec-http/4.1.86.Final/netty-codec-http-4.1.86.Final.jar:/home/jhawkins/.m2/repository/io/netty/netty-codec-http2/4.1.86.Final/netty-codec-http2-4.1.86.Final.jar:/home/jhawkins/.m2/repository/io/netty/netty-handler/4.1.86.Final/netty-handler-4.1.86.Final.jar:/home/jhawkins/.m2/repository/io/netty/netty-transport-native-unix-common/4.1.86.Final/netty-transport-native-unix-common-4.1.86.Final.jar:/home/jhawkins/.m2/repository/com/aayushatharva/brotli4j/brotli4j/1.8.0/brotli4j-1.8.0.jar:/home/jhawkins/.m2/repository/com/aayushatharva/brotli4j/native-linux-x86_64/1.8.0/native-linux-x86_64-1.8.0.jar:/home/jhawkins/.m2/repository/io/netty/netty-codec-haproxy/4.1.86.Final/netty-codec-haproxy-4.1.86.Final.jar:/home/jhawkins/.m2/repository/io/netty/netty-buffer/4.1.86.Final/netty-buffer-4.1.86.Final.jar:/home/jhawkins/.m2/repository/io/netty/netty-transport/4.1.86.Final/netty-transport-4.1.86.Final.jar:/home/jhawkins/.m2/repository/io/quarkus/quarkus-vertx-latebound-mdc-provider/2.15.3.Final/quarkus-vertx-latebound-mdc-provider-2.15.3.Final.jar:/home/jhawkins/.m2/repository/io/smallrye/smallrye-fault-tolerance-vertx/5.6.0/smallrye-fault-tolerance-vertx-5.6.0.jar:/home/jhawkins/.m2/repository/io/quarkus/resteasy/reactive/resteasy-reactive-vertx/2.15.3.Final/resteasy-reactive-vertx-2.15.3.Final.jar:/home/jhawkins/.m2/repository/io/vertx/vertx-web/4.3.6/vertx-web-4.3.6.jar:/home/jhawkins/.m2/repository/io/vertx/vertx-web-common/4.3.6/vertx-web-common-4.3.6.jar:/home/jhawkins/.m2/repository/io/vertx/vertx-auth-common/4.3.6/vertx-auth-common-4.3.6.jar:/home/jhawkins/.m2/repository/io/vertx/vertx-bridge-common/4.3.6/vertx-bridge-common-4.3.6.jar:/home/jhawkins/.m2/repository/io/vertx/vertx-core/4.3.6/vertx-core-4.3.6.jar:/home/jhawkins/.m2/repository/io/netty/netty-common/4.1.86.Final/netty-common-4.1.86.Final.jar:/home/jhawkins/.m2/repository/io/netty/netty-handler-proxy/4.1.86.Final/netty-handler-proxy-4.1.86.Final.jar:/home/jhawkins/.m2/repository/io/netty/netty-codec-socks/4.1.86.Final/netty-codec-socks-4.1.86.Final.jar:/home/jhawkins/.m2/repository/io/netty/netty-resolver/4.1.86.Final/netty-resolver-4.1.86.Final.jar:/home/jhawkins/.m2/repository/io/netty/netty-resolver-dns/4.1.86.Final/netty-resolver-dns-4.1.86.Final.jar:/home/jhawkins/.m2/repository/io/netty/netty-codec-dns/4.1.86.Final/netty-codec-dns-4.1.86.Final.jar:/home/jhawkins/.m2/repository/com/fasterxml/jackson/core/jackson-core/2.14.1/jackson-core-2.14.1.jar:/home/jhawkins/.m2/repository/io/smallrye/reactive/smallrye-mutiny-vertx-core/2.29.0/smallrye-mutiny-vertx-core-2.29.0.jar:/home/jhawkins/.m2/repository/io/smallrye/reactive/smallrye-mutiny-vertx-runtime/2.29.0/smallrye-mutiny-vertx-runtime-2.29.0.jar:/home/jhawkins/.m2/repository/io/smallrye/reactive/vertx-mutiny-generator/2.29.0/vertx-mutiny-generator-2.29.0.jar:/home/jhawkins/.m2/repository/io/vertx/vertx-codegen/4.3.6/vertx-codegen-4.3.6.jar:/home/jhawkins/.m2/repository/io/quarkus/resteasy/reactive/resteasy-reactive/2.15.3.Final/resteasy-reactive-2.15.3.Final.jar:/home/jhawkins/.m2/repository/jakarta/enterprise/jakarta.enterprise.cdi-api/2.0.2/jakarta.enterprise.cdi-api-2.0.2.jar:/home/jhawkins/.m2/repository/jakarta/el/jakarta.el-api/3.0.3/jakarta.el-api-3.0.3.jar:/home/jhawkins/.m2/repository/jakarta/interceptor/jakarta.interceptor-api/1.2.5/jakarta.interceptor-api-1.2.5.jar:/home/jhawkins/.m2/repository/org/jboss/spec/javax/ws/rs/jboss-jaxrs-api_2.1_spec/2.0.1.Final/jboss-jaxrs-api_2.1_spec-2.0.1.Final.jar:/home/jhawkins/.m2/repository/jakarta/annotation/jakarta.annotation-api/1.3.5/jakarta.annotation-api-1.3.5.jar:/home/jhawkins/.m2/repository/org/jboss/logging/commons-logging-jboss-logging/1.0.0.Final/commons-logging-jboss-logging-1.0.0.Final.jar:/home/jhawkins/.m2/repository/org/jboss/spec/javax/xml/bind/jboss-jaxb-api_2.3_spec/2.0.0.Final/jboss-jaxb-api_2.3_spec-2.0.0.Final.jar:/home/jhawkins/.m2/repository/org/jboss/logging/jboss-logging/3.5.0.Final/jboss-logging-3.5.0.Final.jar:/home/jhawkins/.m2/repository/io/quarkus/quarkus-vertx-http/2.15.3.Final/quarkus-vertx-http-2.15.3.Final.jar:/home/jhawkins/.m2/repository/io/quarkus/quarkus-security-runtime-spi/2.15.3.Final/quarkus-security-runtime-spi-2.15.3.Final.jar:/home/jhawkins/.m2/repository/io/quarkus/quarkus-credentials/2.15.3.Final/quarkus-credentials-2.15.3.Final.jar:/home/jhawkins/.m2/repository/io/smallrye/common/smallrye-common-vertx-context/1.13.2/smallrye-common-vertx-context-1.13.2.jar:/home/jhawkins/.m2/repository/io/smallrye/common/smallrye-common-constraint/1.13.2/smallrye-common-constraint-1.13.2.jar:/home/jhawkins/.m2/repository/io/quarkus/quarkus-vertx-http-dev-console-runtime-spi/2.15.3.Final/quarkus-vertx-http-dev-console-runtime-spi-2.15.3.Final.jar:/home/jhawkins/.m2/repository/io/quarkus/security/quarkus-security/1.1.4.Final/quarkus-security-1.1.4.Final.jar:/home/jhawkins/.m2/repository/io/smallrye/reactive/smallrye-mutiny-vertx-web/2.29.0/smallrye-mutiny-vertx-web-2.29.0.jar:/home/jhawkins/.m2/repository/io/smallrye/reactive/smallrye-mutiny-vertx-web-common/2.29.0/smallrye-mutiny-vertx-web-common-2.29.0.jar:/home/jhawkins/.m2/repository/io/smallrye/reactive/smallrye-mutiny-vertx-auth-common/2.29.0/smallrye-mutiny-vertx-auth-common-2.29.0.jar:/home/jhawkins/.m2/repository/io/smallrye/reactive/smallrye-mutiny-vertx-bridge-common/2.29.0/smallrye-mutiny-vertx-bridge-common-2.29.0.jar:/home/jhawkins/.m2/repository/io/smallrye/reactive/smallrye-mutiny-vertx-uri-template/2.29.0/smallrye-mutiny-vertx-uri-template-2.29.0.jar:/home/jhawkins/.m2/repository/io/vertx/vertx-uri-template/4.3.6/vertx-uri-template-4.3.6.jar:/home/jhawkins/.m2/repository/io/github/crac/org-crac/0.1.3/org-crac-0.1.3.jar:/home/jhawkins/.m2/repository/io/quarkus/quarkus-jsonp/2.15.3.Final/quarkus-jsonp-2.15.3.Final.jar:/home/jhawkins/.m2/repository/org/glassfish/jakarta.json/1.1.6/jakarta.json-1.1.6.jar:/home/jhawkins/.m2/repository/io/quarkus/quarkus-openshift/2.15.3.Final/quarkus-openshift-2.15.3.Final.jar:/home/jhawkins/.m2/repository/io/quarkus/quarkus-kubernetes-client-internal/2.15.3.Final/quarkus-kubernetes-client-internal-2.15.3.Final.jar:/home/jhawkins/.m2/repository/io/quarkus/quarkus-container-image-openshift/2.15.3.Final/quarkus-container-image-openshift-2.15.3.Final.jar:/home/jhawkins/.m2/repository/io/quarkus/quarkus-container-image/2.15.3.Final/quarkus-container-image-2.15.3.Final.jar:/home/jhawkins/.m2/repository/io/quarkus/quarkus-kubernetes/2.15.3.Final/quarkus-kubernetes-2.15.3.Final.jar:/home/jhawkins/.m2/repository/io/quarkus/quarkus-arc/2.15.3.Final/quarkus-arc-2.15.3.Final.jar:/home/jhawkins/.m2/repository/io/quarkus/arc/arc/2.15.3.Final/arc-2.15.3.Final.jar:/home/jhawkins/.m2/repository/jakarta/transaction/jakarta.transaction-api/1.3.3/jakarta.transaction-api-1.3.3.jar:/home/jhawkins/.m2/repository/io/smallrye/reactive/mutiny/1.8.0/mutiny-1.8.0.jar:/home/jhawkins/.m2/repository/org/reactivestreams/reactive-streams/1.0.3/reactive-streams-1.0.3.jar:/home/jhawkins/.m2/repository/io/quarkus/quarkus-core/2.15.3.Final/quarkus-core-2.15.3.Final.jar:/home/jhawkins/.m2/repository/jakarta/inject/jakarta.inject-api/1.0/jakarta.inject-api-1.0.jar:/home/jhawkins/.m2/repository/io/quarkus/quarkus-ide-launcher/2.15.3.Final/quarkus-ide-launcher-2.15.3.Final.jar:/home/jhawkins/.m2/repository/io/quarkus/quarkus-development-mode-spi/2.15.3.Final/quarkus-development-mode-spi-2.15.3.Final.jar:/home/jhawkins/.m2/repository/io/smallrye/config/smallrye-config/2.13.1/smallrye-config-2.13.1.jar:/home/jhawkins/.m2/repository/io/smallrye/config/smallrye-config-core/2.13.1/smallrye-config-core-2.13.1.jar:/home/jhawkins/.m2/repository/org/eclipse/microprofile/config/microprofile-config-api/2.0.1/microprofile-config-api-2.0.1.jar:/home/jhawkins/.m2/repository/io/smallrye/common/smallrye-common-expression/1.13.2/smallrye-common-expression-1.13.2.jar:/home/jhawkins/.m2/repository/io/smallrye/common/smallrye-common-function/1.13.2/smallrye-common-function-1.13.2.jar:/home/jhawkins/.m2/repository/io/smallrye/common/smallrye-common-classloader/1.13.2/smallrye-common-classloader-1.13.2.jar:/home/jhawkins/.m2/repository/io/smallrye/config/smallrye-config-common/2.13.1/smallrye-config-common-2.13.1.jar:/home/jhawkins/.m2/repository/org/jboss/logmanager/jboss-logmanager-embedded/1.0.11/jboss-logmanager-embedded-1.0.11.jar:/home/jhawkins/.m2/repository/org/jboss/logging/jboss-logging-annotations/2.2.1.Final/jboss-logging-annotations-2.2.1.Final.jar:/home/jhawkins/.m2/repository/org/jboss/threads/jboss-threads/3.4.3.Final/jboss-threads-3.4.3.Final.jar:/home/jhawkins/.m2/repository/org/slf4j/slf4j-api/1.7.36/slf4j-api-1.7.36.jar:/home/jhawkins/.m2/repository/org/jboss/slf4j/slf4j-jboss-logmanager/1.2.0.Final/slf4j-jboss-logmanager-1.2.0.Final.jar:/home/jhawkins/.m2/repository/org/graalvm/sdk/graal-sdk/22.3.0/graal-sdk-22.3.0.jar:/home/jhawkins/.m2/repository/org/wildfly/common/wildfly-common/1.5.4.Final-format-001/wildfly-common-1.5.4.Final-format-001.jar:/home/jhawkins/.m2/repository/io/quarkus/quarkus-bootstrap-runner/2.15.3.Final/quarkus-bootstrap-runner-2.15.3.Final.jar:/home/jhawkins/.m2/repository/io/quarkus/quarkus-fs-util/0.0.9/quarkus-fs-util-0.0.9.jar:/home/jhawkins/.m2/repository/org/eclipse/microprofile/context-propagation/microprofile-context-propagation-api/1.2/microprofile-context-propagation-api-1.2.jar:/home/jhawkins/.m2/repository/io/quarkus/quarkus-junit5/2.15.3.Final/quarkus-junit5-2.15.3.Final.jar:/home/jhawkins/.m2/repository/io/quarkus/quarkus-bootstrap-core/2.15.3.Final/quarkus-bootstrap-core-2.15.3.Final.jar:/home/jhawkins/.m2/repository/io/quarkus/quarkus-bootstrap-app-model/2.15.3.Final/quarkus-bootstrap-app-model-2.15.3.Final.jar:/home/jhawkins/.m2/repository/io/smallrye/common/smallrye-common-io/1.13.2/smallrye-common-io-1.13.2.jar:/home/jhawkins/.m2/repository/org/eclipse/sisu/org.eclipse.sisu.inject/0.3.5/org.eclipse.sisu.inject-0.3.5.jar:/home/jhawkins/.m2/repository/io/quarkus/quarkus-test-common/2.15.3.Final/quarkus-test-common-2.15.3.Final.jar:/home/jhawkins/.m2/repository/io/quarkus/quarkus-core-deployment/2.15.3.Final/quarkus-core-deployment-2.15.3.Final.jar:/home/jhawkins/.m2/repository/org/aesh/readline/2.2/readline-2.2.jar:/home/jhawkins/.m2/repository/org/fusesource/jansi/jansi/1.18/jansi-1.18.jar:/home/jhawkins/.m2/repository/org/aesh/aesh/2.6/aesh-2.6.jar:/home/jhawkins/.m2/repository/io/quarkus/gizmo/gizmo/1.4.0.Final/gizmo-1.4.0.Final.jar:/home/jhawkins/.m2/repository/org/ow2/asm/asm-util/9.4/asm-util-9.4.jar:/home/jhawkins/.m2/repository/org/ow2/asm/asm-analysis/9.4/asm-analysis-9.4.jar:/home/jhawkins/.m2/repository/org/ow2/asm/asm/9.4/asm-9.4.jar:/home/jhawkins/.m2/repository/org/ow2/asm/asm-commons/9.4/asm-commons-9.4.jar:/home/jhawkins/.m2/repository/org/ow2/asm/asm-tree/9.4/asm-tree-9.4.jar:/home/jhawkins/.m2/repository/io/quarkus/quarkus-class-change-agent/2.15.3.Final/quarkus-class-change-agent-2.15.3.Final.jar:/home/jhawkins/.m2/repository/io/quarkus/quarkus-devtools-utilities/2.15.3.Final/quarkus-devtools-utilities-2.15.3.Final.jar:/home/jhawkins/.m2/repository/io/quarkus/quarkus-builder/2.15.3.Final/quarkus-builder-2.15.3.Final.jar:/home/jhawkins/.m2/repository/org/junit/platform/junit-platform-launcher/1.9.1/junit-platform-launcher-1.9.1.jar:/home/jhawkins/.m2/repository/io/quarkus/quarkus-bootstrap-maven-resolver/2.15.3.Final/quarkus-bootstrap-maven-resolver-2.15.3.Final.jar:/home/jhawkins/.m2/repository/org/apache/maven/maven-embedder/3.8.6/maven-embedder-3.8.6.jar:/home/jhawkins/.m2/repository/org/apache/maven/maven-settings/3.8.6/maven-settings-3.8.6.jar:/home/jhawkins/.m2/repository/org/apache/maven/maven-core/3.8.6/maven-core-3.8.6.jar:/home/jhawkins/.m2/repository/org/apache/maven/maven-artifact/3.8.6/maven-artifact-3.8.6.jar:/home/jhawkins/.m2/repository/org/codehaus/plexus/plexus-component-annotations/2.1.0/plexus-component-annotations-2.1.0.jar:/home/jhawkins/.m2/repository/org/apache/maven/maven-plugin-api/3.8.6/maven-plugin-api-3.8.6.jar:/home/jhawkins/.m2/repository/org/apache/maven/maven-model/3.8.6/maven-model-3.8.6.jar:/home/jhawkins/.m2/repository/org/apache/maven/maven-model-builder/3.8.6/maven-model-builder-3.8.6.jar:/home/jhawkins/.m2/repository/org/apache/maven/maven-builder-support/3.8.6/maven-builder-support-3.8.6.jar:/home/jhawkins/.m2/repository/org/apache/maven/resolver/maven-resolver-api/1.6.3/maven-resolver-api-1.6.3.jar:/home/jhawkins/.m2/repository/org/apache/maven/resolver/maven-resolver-util/1.6.3/maven-resolver-util-1.6.3.jar:/home/jhawkins/.m2/repository/org/apache/maven/shared/maven-shared-utils/3.3.4/maven-shared-utils-3.3.4.jar:/home/jhawkins/.m2/repository/commons-io/commons-io/2.11.0/commons-io-2.11.0.jar:/home/jhawkins/.m2/repository/com/google/inject/guice/4.2.2/guice-4.2.2-no_aop.jar:/home/jhawkins/.m2/repository/com/google/guava/guava/31.1-jre/guava-31.1-jre.jar:/home/jhawkins/.m2/repository/com/google/guava/failureaccess/1.0.1/failureaccess-1.0.1.jar:/home/jhawkins/.m2/repository/org/codehaus/plexus/plexus-classworlds/2.6.0/plexus-classworlds-2.6.0.jar:/home/jhawkins/.m2/repository/org/codehaus/plexus/plexus-sec-dispatcher/2.0/plexus-sec-dispatcher-2.0.jar:/home/jhawkins/.m2/repository/org/codehaus/plexus/plexus-cipher/2.0/plexus-cipher-2.0.jar:/home/jhawkins/.m2/repository/commons-cli/commons-cli/1.4/commons-cli-1.4.jar:/home/jhawkins/.m2/repository/org/eclipse/sisu/org.eclipse.sisu.plexus/0.3.5/org.eclipse.sisu.plexus-0.3.5.jar:/home/jhawkins/.m2/repository/org/apache/maven/maven-settings-builder/3.8.6/maven-settings-builder-3.8.6.jar:/home/jhawkins/.m2/repository/org/codehaus/plexus/plexus-interpolation/1.26/plexus-interpolation-1.26.jar:/home/jhawkins/.m2/repository/org/apache/maven/maven-resolver-provider/3.8.6/maven-resolver-provider-3.8.6.jar:/home/jhawkins/.m2/repository/org/apache/maven/maven-repository-metadata/3.8.6/maven-repository-metadata-3.8.6.jar:/home/jhawkins/.m2/repository/org/apache/maven/resolver/maven-resolver-spi/1.6.3/maven-resolver-spi-1.6.3.jar:/home/jhawkins/.m2/repository/org/apache/maven/resolver/maven-resolver-impl/1.6.3/maven-resolver-impl-1.6.3.jar:/home/jhawkins/.m2/repository/org/codehaus/plexus/plexus-utils/3.3.0/plexus-utils-3.3.0.jar:/home/jhawkins/.m2/repository/org/apache/maven/resolver/maven-resolver-connector-basic/1.6.3/maven-resolver-connector-basic-1.6.3.jar:/home/jhawkins/.m2/repository/org/apache/maven/resolver/maven-resolver-transport-wagon/1.6.3/maven-resolver-transport-wagon-1.6.3.jar:/home/jhawkins/.m2/repository/org/apache/maven/wagon/wagon-http/3.5.1/wagon-http-3.5.1.jar:/home/jhawkins/.m2/repository/org/apache/maven/wagon/wagon-http-shared/3.5.1/wagon-http-shared-3.5.1.jar:/home/jhawkins/.m2/repository/org/apache/maven/wagon/wagon-provider-api/3.5.1/wagon-provider-api-3.5.1.jar:/home/jhawkins/.m2/repository/org/apache/maven/wagon/wagon-file/3.5.1/wagon-file-3.5.1.jar:/home/jhawkins/.m2/repository/io/quarkus/quarkus-bootstrap-gradle-resolver/2.15.3.Final/quarkus-bootstrap-gradle-resolver-2.15.3.Final.jar:/home/jhawkins/.m2/repository/io/smallrye/jandex/3.0.5/jandex-3.0.5.jar:/home/jhawkins/.m2/repository/io/quarkus/quarkus-junit5-properties/2.15.3.Final/quarkus-junit5-properties-2.15.3.Final.jar:/home/jhawkins/.m2/repository/org/junit/jupiter/junit-jupiter/5.9.1/junit-jupiter-5.9.1.jar:/home/jhawkins/.m2/repository/org/junit/jupiter/junit-jupiter-api/5.9.1/junit-jupiter-api-5.9.1.jar:/home/jhawkins/.m2/repository/org/opentest4j/opentest4j/1.2.0/opentest4j-1.2.0.jar:/home/jhawkins/.m2/repository/org/junit/platform/junit-platform-commons/1.9.1/junit-platform-commons-1.9.1.jar:/home/jhawkins/.m2/repository/org/apiguardian/apiguardian-api/1.1.2/apiguardian-api-1.1.2.jar:/home/jhawkins/.m2/repository/org/junit/jupiter/junit-jupiter-params/5.9.1/junit-jupiter-params-5.9.1.jar:/home/jhawkins/.m2/repository/org/junit/jupiter/junit-jupiter-engine/5.9.1/junit-jupiter-engine-5.9.1.jar:/home/jhawkins/.m2/repository/org/junit/platform/junit-platform-engine/1.9.1/junit-platform-engine-1.9.1.jar:/home/jhawkins/.m2/repository/com/thoughtworks/xstream/xstream/1.4.20/xstream-1.4.20.jar:/home/jhawkins/.m2/repository/io/github/x-stream/mxparser/1.2.2/mxparser-1.2.2.jar:/home/jhawkins/.m2/repository/xmlpull/xmlpull/1.1.3.1/xmlpull-1.1.3.1.jar:/home/jhawkins/.m2/repository/io/rest-assured/rest-assured/4.5.1/rest-assured-4.5.1.jar:/home/jhawkins/.m2/repository/org/codehaus/groovy/groovy/3.0.9/groovy-3.0.9.jar:/home/jhawkins/.m2/repository/org/codehaus/groovy/groovy-xml/3.0.9/groovy-xml-3.0.9.jar:/home/jhawkins/.m2/repository/org/apache/httpcomponents/httpclient/4.5.13/httpclient-4.5.13.jar:/home/jhawkins/.m2/repository/org/apache/httpcomponents/httpcore/4.4.15/httpcore-4.4.15.jar:/home/jhawkins/.m2/repository/commons-codec/commons-codec/1.15/commons-codec-1.15.jar:/home/jhawkins/.m2/repository/org/apache/httpcomponents/httpmime/4.5.13/httpmime-4.5.13.jar:/home/jhawkins/.m2/repository/org/hamcrest/hamcrest/2.1/hamcrest-2.1.jar:/home/jhawkins/.m2/repository/org/ccil/cowan/tagsoup/tagsoup/1.2.1/tagsoup-1.2.1.jar:/home/jhawkins/.m2/repository/io/rest-assured/json-path/4.5.1/json-path-4.5.1.jar:/home/jhawkins/.m2/repository/org/codehaus/groovy/groovy-json/3.0.9/groovy-json-3.0.9.jar:/home/jhawkins/.m2/repository/io/rest-assured/rest-assured-common/4.5.1/rest-assured-common-4.5.1.jar:/home/jhawkins/.m2/repository/io/rest-assured/xml-path/4.5.1/xml-path-4.5.1.jar:/home/jhawkins/.m2/repository/org/apache/commons/commons-lang3/3.12.0/commons-lang3-3.12.0.jar:"/>
    <property name="sun.cpu.endian" value="little"/>
    <property name="user.home" value="/home/jhawkins"/>
    <property name="user.language" value="en"/>
    <property name="jboss.log-version" value="false"/>
    <property name="java.specification.vendor" value="Oracle Corporation"/>
    <property name="io.netty.allocator.maxOrder" value="3"/>
    <property name="java.version.date" value="2022-08-12"/>
    <property name="java.home" value="/usr/lib/jvm/java-17-openjdk-17.0.4.1.1-1.fc36.x86_64"/>
    <property name="file.separator" value="/"/>
    <property name="style.color" value="always"/>
    <property name="basedir" value="/home/jhawkins/Documents/Boeing/quarkus-app-log"/>
    <property name="java.vm.compressedOopsMode" value="Zero based"/>
    <property name="line.separator" value="&#10;"/>
    <property name="java.specification.name" value="Java Platform API Specification"/>
    <property name="java.vm.specification.vendor" value="Oracle Corporation"/>
    <property name="quarkus.kubernetes.deploy" value="true"/>
    <property name="surefire.real.class.path" value="/home/jhawkins/Documents/Boeing/quarkus-app-log/target/surefire/surefirebooter-20230215171622738_3.jar"/>
    <property name="sun.management.compiler" value="HotSpot 64-Bit Tiered Compilers"/>
    <property name="java.runtime.version" value="17.0.4.1+1"/>
    <property name="user.name" value="jhawkins"/>
    <property name="path.separator" value=":"/>
    <property name="os.version" value="5.19.15-201.fc36.x86_64"/>
    <property name="java.runtime.name" value="OpenJDK Runtime Environment"/>
    <property name="file.encoding" value="UTF-8"/>
    <property name="java.vm.name" value="OpenJDK 64-Bit Server VM"/>
    <property name="java.vendor.version" value="(Red_Hat-17.0.4.1.1-1.fc36)"/>
    <property name="localRepository" value="/home/jhawkins/.m2/repository"/>
    <property name="java.vendor.url.bug" value="https://bugzilla.redhat.com/enter_bug.cgi?product=Fedora&amp;component=java-17-openjdk&amp;version=36"/>
    <property name="java.io.tmpdir" value="/tmp"/>
    <property name="quarkus.log.file.path" value="target/quarkus.log"/>
    <property name="java.version" value="17.0.4.1"/>
    <property name="java.util.concurrent.ForkJoinPool.common.threadFactory" value="io.quarkus.bootstrap.forkjoin.QuarkusForkJoinWorkerThreadFactory"/>
    <property name="user.dir" value="/home/jhawkins/Documents/Boeing/quarkus-app-log"/>
    <property name="os.arch" value="amd64"/>
    <property name="java.vm.specification.name" value="Java Virtual Machine Specification"/>
    <property name="vertx.disableDnsResolver" value="true"/>
    <property name="native.encoding" value="UTF-8"/>
    <property name="java.util.logging.manager" value="org.jboss.logmanager.LogManager"/>
    <property name="java.library.path" value="/usr/java/packages/lib:/usr/lib64:/lib64:/lib:/usr/lib"/>
    <property name="java.vm.info" value="mixed mode, sharing"/>
    <property name="java.vendor" value="Red Hat, Inc."/>
    <property name="vertx.disableTCCL" value="true"/>
    <property name="java.vm.version" value="17.0.4.1+1"/>
    <property name="sun.io.unicode.encoding" value="UnicodeLittle"/>
    <property name="io.netty.machineId" value="62:2b:34:94:00:95:ed:54"/>
    <property name="java.class.version" value="61.0"/>
  </properties>
  <testcase name="testLogEndpoint" classname="org.acme.LogOutputTest" time="1.366">
    <system-out><![CDATA[2023-02-15 17:16:26,107 INFO  [io.qua.kub.cli.dep.DevServicesKubernetesProcessor] (build-4) Not starting dev services for Kubernetes, the kubernetes client is auto-configured. Set quarkus.kubernetes-client.devservices.override-kubeconfig to true to use dev services for Kubernetes.
2023-02-15 17:16:26,838 INFO  [io.quarkus] (main) quarkus-app 1.0.0-SNAPSHOT on JVM (powered by Quarkus 2.15.3.Final) started in 2.609s. Listening on: http://localhost:8081
2023-02-15 17:16:26,839 INFO  [io.quarkus] (main) Profile test activated. 
2023-02-15 17:16:26,840 INFO  [io.quarkus] (main) Installed features: [cdi, kubernetes, resteasy-reactive, smallrye-context-propagation, vertx]
2023-02-15 17:16:28,105 INFO  [org.acm.LogOutput] (executor-thread-0) 001 - Test
]]></system-out>
  </testcase>
</testsuite>